bcastRecCompOrdBcastWithResRec/build/outputs/logs/manifest-merger-debug-report.txt
-- Merging decision tree log ---
manifest
ADDED from src\main\AndroidManifest.xml:2:1-43:12
	package
		ADDED from src\main\AndroidManifest.xml:3:5-73
		INJECTED from src\main\AndroidManifest.xml
		INJECTED from src\main\AndroidManifest.xml
	android:versionName
		ADDED from src\main\AndroidManifest.xml:5:5-30
		INJECTED from src\main\AndroidManifest.xml
		INJECTED from src\main\AndroidManifest.xml
	android:versionCode
		ADDED from src\main\AndroidManifest.xml:4:5-28
		INJECTED from src\main\AndroidManifest.xml
		INJECTED from src\main\AndroidManifest.xml
	xmlns:android
		ADDED from src\main\AndroidManifest.xml:2:11-69
uses-sdk
ADDED from src\main\AndroidManifest.xml:7:5-9:41
	android:targetSdkVersion
		ADDED from src\main\AndroidManifest.xml:9:9-38
		INJECTED from src\main\AndroidManifest.xml
		INJECTED from src\main\AndroidManifest.xml
	android:minSdkVersion
		ADDED from src\main\AndroidManifest.xml:8:9-35
		INJECTED from src\main\AndroidManifest.xml
		INJECTED from src\main\AndroidManifest.xml
application
ADDED from src\main\AndroidManifest.xml:11:5-41:19
	android:label
		ADDED from src\main\AndroidManifest.xml:14:9-41
	android:allowBackup
		ADDED from src\main\AndroidManifest.xml:12:9-36
	android:icon
		ADDED from src\main\AndroidManifest.xml:13:9-45
activity#course.examples.broadcastreceiver.compoundorderedbroadcast.CompoundOrderedBroadcastWithResultReceiver
ADDED from src\main\AndroidManifest.xml:15:9-23:20
	android:label
		ADDED from src\main\AndroidManifest.xml:17:13-45
	android:name
		ADDED from src\main\AndroidManifest.xml:16:13-70
intent-filter#android.intent.action.MAIN+android.intent.category.LAUNCHER
ADDED from src\main\AndroidManifest.xml:18:13-22:29
action#android.intent.action.MAIN
ADDED from src\main\AndroidManifest.xml:19:17-69
	android:name
		ADDED from src\main\AndroidManifest.xml:19:25-66
category#android.intent.category.LAUNCHER
ADDED from src\main\AndroidManifest.xml:21:17-77
	android:name
		ADDED from src\main\AndroidManifest.xml:21:27-74
receiver#course.examples.broadcastreceiver.compoundorderedbroadcast.Receiver2
ADDED from src\main\AndroidManifest.xml:25:9-32:20
	android:exported
		ADDED from src\main\AndroidManifest.xml:27:13-37
	android:name
		ADDED from src\main\AndroidManifest.xml:26:13-96
intent-filter#course.examples.BroadcastReceiver.show_toast
ADDED from src\main\AndroidManifest.xml:28:13-31:29
	android:priority
		ADDED from src\main\AndroidManifest.xml:28:28-49
action#course.examples.BroadcastReceiver.show_toast
ADDED from src\main\AndroidManifest.xml:29:17-30:26
	android:name
		ADDED from src\main\AndroidManifest.xml:29:25-84
receiver#course.examples.broadcastreceiver.compoundorderedbroadcast.Receiver3
ADDED from src\main\AndroidManifest.xml:33:9-40:20
	android:exported
		ADDED from src\main\AndroidManifest.xml:35:13-37
	android:name
		ADDED from src\main\AndroidManifest.xml:34:13-96